[21:10:15] [main/INFO]: Environment: authHost='https://authserver.mojang.com', accountsHost='https://api.mojang.com', sessionHost='https://sessionserver.mojang.com', servicesHost='https://api.minecraftservices.com', name='PROD'
[21:10:15] [main/INFO]: Found new data pack file/bukkit, loading it automatically
[21:10:15] [main/INFO]: Reloading ResourceManager: Default, bukkit
[21:10:16] [Worker-Main-3/INFO]: Loaded 7 recipes
[21:10:17] [Server thread/INFO]: Starting minecraft server version 1.17
[21:10:17] [Server thread/INFO]: Loading properties
[21:10:17] [Server thread/INFO]: This server is running Paper version git-Paper-63 (MC: 1.17) (Implementing API version 1.17-R0.1-SNAPSHOT) (Git: 1d194e5)
[21:10:17] [Server thread/INFO]: Debug logging is disabled
[21:10:17] [Server thread/INFO]: Server Ping Player Sample Count: 12
[21:10:17] [Server thread/INFO]: Using 4 threads for Netty based IO
[21:10:17] [Server thread/INFO]: Default game type: SURVIVAL
[21:10:17] [Server thread/INFO]: Generating keypair
[21:10:17] [Server thread/INFO]: Starting Minecraft server on 0.0.0.0:25565
[21:10:17] [Server thread/INFO]: Using default channel type
[21:10:18] [Server thread/INFO]: [Vault] Loading Vault v1.7.3-b131
[21:10:18] [Server thread/INFO]: [WorldEdit] Loading WorldEdit v7.2.5+57d5ac9
[21:10:18] [Server thread/INFO]: Got request to register class com.sk89q.worldedit.bukkit.BukkitServerInterface with WorldEdit [com.sk89q.worldedit.extension.platform.PlatformManager@36f276c2]
[21:10:18] [Server thread/INFO]: [Essentials] Loading Essentials v2.18.2.0
[21:10:18] [Server thread/INFO]: [EssentialsChat] Loading EssentialsChat v2.18.2.0
[21:10:18] [Server thread/INFO]: [WorldGuard] Loading WorldGuard v7.0.5+3827266
[21:10:18] [Server thread/INFO]: Server permissions file permissions.yml is empty, ignoring it
[21:10:18] [Server thread/INFO]: [Vault] Enabling Vault v1.7.3-b131
[21:10:18] [Server thread/WARN]: [Vault] Loaded class com.earth2me.essentials.api.Economy from Essentials v2.18.2.0 which is not a depend, softdepend or loadbefore of this plugin.
[21:10:18] [Server thread/INFO]: [Vault] [Economy] Essentials Economy found: Waiting
[21:10:18] [Server thread/INFO]: [Vault] [Permission] SuperPermissions loaded as backup permission system.
[21:10:18] [Server thread/INFO]: [Vault] Enabled Version 1.7.3-b131
[21:10:18] [Server thread/INFO]: [WorldEdit] Enabling WorldEdit v7.2.5+57d5ac9
[21:10:18] [Server thread/INFO]: WEPIF: Updated config file
[21:10:18] [Server thread/INFO]: WEPIF: Vault detected! Using Vault for permissions
[21:10:19] [Server thread/WARN]: 
**********************************************
** This WorldEdit version does not fully support your version of Bukkit.
**
** When working with blocks or undoing, chests will be empty, signs
** will be blank, and so on. There will be no support for entity
** and block property-related functions.
**
** Please see https://worldedit.enginehub.org/en/latest/faq/#bukkit-adapters
**********************************************

[21:10:19] [Server thread/INFO]: [WorldEdit] Default configuration file written: config.yml
[21:10:19] [Server thread/WARN]: **** SERVER IS RUNNING IN OFFLINE/INSECURE MODE!
[21:10:19] [Server thread/WARN]: The server will make no attempt to authenticate usernames. Beware.
[21:10:19] [Server thread/WARN]: While this makes the game possible to play without internet access, it also opens up the ability for hackers to connect with any username they choose.
[21:10:19] [Server thread/WARN]: To change this, set "online-mode" to "true" in the server.properties file.
[21:10:19] [Server thread/INFO]: Preparing level "world"
[21:10:19] [Server thread/INFO]: Registering commands with com.sk89q.worldedit.bukkit.BukkitServerInterface
[21:10:19] [Server thread/WARN]: Unable to find spawn biome
[21:10:21] [Server thread/WARN]: Unable to find spawn biome
[21:10:21] [Server thread/INFO]: Preparing start region for dimension minecraft:overworld
[21:10:22] [Worker-Main-2/INFO]: Preparing spawn area: 0%
[21:10:22] [Worker-Main-6/INFO]: Preparing spawn area: 0%
[21:10:22] [Server thread/INFO]: Time elapsed: 881 ms
[21:10:22] [Server thread/INFO]: Preparing start region for dimension minecraft:the_end
[21:10:23] [Worker-Main-5/INFO]: Preparing spawn area: 0%
[21:10:23] [Worker-Main-5/INFO]: Preparing spawn area: 0%
[21:10:23] [Server thread/INFO]: Time elapsed: 950 ms
[21:10:23] [Server thread/INFO]: [Essentials] Enabling Essentials v2.18.2.0
[21:10:23] [Server thread/ERROR]: [Essentials] You are running an unsupported server version!
[21:10:23] [Server thread/INFO]: [Essentials] Creating config from template: C:\Users\adity\Desktop\MrHealer1.17\Survival\plugins\Essentials\config.yml
[21:10:23] [Server thread/INFO]: [Essentials] Creating config from template: C:\Users\adity\Desktop\MrHealer1.17\Survival\plugins\Essentials\kits.yml
[21:10:23] [Server thread/INFO]: [Essentials] Attempting to convert old kits in config.yml to new kits.yml
[21:10:23] [Server thread/INFO]: [Essentials] No kits found to migrate.
[21:10:23] [Server thread/INFO]: [Essentials] Starting Essentials ban format conversion
[21:10:23] [Server thread/INFO]: [Essentials] Starting usermap repair
[21:10:23] [Server thread/WARN]: [Essentials] Missing userdata folder, aborting
[21:10:23] [Server thread/INFO]: [Essentials] Attempting to migrate ignore list to UUIDs
[21:10:23] [Server thread/INFO]: [Essentials] Creating config from template: C:\Users\adity\Desktop\MrHealer1.17\Survival\plugins\Essentials\worth.yml
[21:10:23] [pool-12-thread-1/INFO]: [Essentials] Creating empty config: C:\Users\adity\Desktop\MrHealer1.17\Survival\plugins\Essentials\upgrades-done.yml
[21:10:23] [Server thread/INFO]: [Essentials] Creating config from template: C:\Users\adity\Desktop\MrHealer1.17\Survival\plugins\Essentials\tpr.yml
[21:10:23] [Server thread/INFO]: [Essentials] Loaded 25599 items from items.json.
[21:10:23] [Server thread/INFO]: [Essentials] Creating config from template: C:\Users\adity\Desktop\MrHealer1.17\Survival\plugins\Essentials\custom_items.yml
[21:10:23] [Server thread/INFO]: [Essentials] Using locale en_IN
[21:10:23] [Server thread/INFO]: [Essentials] ServerListPingEvent: Spigot iterator API
[21:10:24] [Server thread/INFO]: [Essentials] Starting Metrics. Opt-out using the global bStats config.
[21:10:24] [Server thread/INFO]: [Vault] [Economy] Essentials Economy hooked.
[21:10:24] [Server thread/INFO]: [Essentials] Using superperms-based permissions.
[21:10:24] [Server thread/INFO]: [EssentialsChat] Enabling EssentialsChat v2.18.2.0
[21:10:24] [Server thread/INFO]: [EssentialsChat] Starting Metrics. Opt-out using the global bStats config.
[21:10:24] [Server thread/INFO]: [WorldGuard] Enabling WorldGuard v7.0.5+3827266
[21:10:24] [Server thread/INFO]: [WorldGuard] Default configuration file written: config.yml
[21:10:24] [Server thread/INFO]: [WorldGuard] Default configuration file written: config_world.yml
[21:10:24] [Server thread/INFO]: [WorldGuard] Default configuration file written: blacklist.txt
[21:10:24] [Server thread/INFO]: [WorldGuard] (world) TNT ignition is PERMITTED.
[21:10:24] [Server thread/INFO]: [WorldGuard] (world) Lighters are PERMITTED.
[21:10:24] [Server thread/INFO]: [WorldGuard] (world) Lava fire is PERMITTED.
[21:10:24] [Server thread/INFO]: [WorldGuard] (world) Fire spread is UNRESTRICTED.
[21:10:24] [Server thread/INFO]: [WorldGuard] Loaded configuration for world 'world'
[21:10:24] [Server thread/INFO]: [WorldGuard] Default configuration file written: config_world.yml
[21:10:24] [Server thread/INFO]: [WorldGuard] Default configuration file written: blacklist.txt
[21:10:24] [Server thread/INFO]: [WorldGuard] (world_the_end) TNT ignition is PERMITTED.
[21:10:24] [Server thread/INFO]: [WorldGuard] (world_the_end) Lighters are PERMITTED.
[21:10:24] [Server thread/INFO]: [WorldGuard] (world_the_end) Lava fire is PERMITTED.
[21:10:24] [Server thread/INFO]: [WorldGuard] (world_the_end) Fire spread is UNRESTRICTED.
[21:10:24] [Server thread/INFO]: [WorldGuard] Loaded configuration for world 'world_the_end'
[21:10:24] [Server thread/INFO]: [WorldGuard] Loading region data...
[21:10:24] [Server thread/INFO]: [WorldGuard] Unloading and saving region data that is currently loaded...
[21:10:24] [Server thread/INFO]: [WorldGuard] Loading region data for loaded worlds...
[21:10:24] [Server thread/INFO]: [WorldGuard] Loading region data...
[21:10:24] [Server thread/INFO]: [WorldGuard] Regions saved after UUID migration! This won't happen again unless you change the relevant configuration option in WorldGuard's config.
[21:10:24] [Server thread/INFO]: Running delayed init tasks
[21:10:24] [Server thread/INFO]: Done (7.197s)! For help, type "help"
[21:10:24] [Server thread/INFO]: Timings Reset
[21:10:24] [Craft Scheduler Thread - 0/INFO]: [Vault] Checking for Updates ... 
[21:10:27] [Craft Scheduler Thread - 0/INFO]: [Vault] No new version available
